This is pdfTeX, Version 3.141592653-2.6-1.40.24 (TeX Live 2022) (preloaded format=pdflatex 2023.2.18)  3 APR 2023 23:24
entering extended mode
 restricted \write18 enabled.
 file:line:error style messages enabled.
 %&-line parsing enabled.
**"d:/Document/2022-2023 Second semester/CT216H - Project - Fundamental Topics/report/chapters/chapter01"
(d:/Document/2022-2023 Second semester/CT216H - Project - Fundamental Topics/report/chapters/chapter01.tex
LaTeX2e <2022-11-01> patch level 1
L3 programming layer <2023-02-07> (d:/Program Files (x86)/texlive/2022/texmf-dist/tex/latex/subfiles/subfiles.cls
Document Class: subfiles 2020/11/14 v2.2 Multi-file projects (class)
Preamble taken from file `../thesis.tex'
(d:/Program Files (x86)/texlive/2022/texmf-dist/tex/latex/import/import.sty
Package: import 2020/04/01  v 6.2
) (../thesis.tex (d:/Program Files (x86)/texlive/2022/texmf-dist/tex/latex/base/report.cls
Document Class: report 2022/07/02 v1.4n Standard LaTeX document class
(d:/Program Files (x86)/texlive/2022/texmf-dist/tex/latex/base/size12.clo
File: size12.clo 2022/07/02 v1.4n Standard LaTeX file (size option)
)
\c@part=\count185
\c@chapter=\count186
\c@section=\count187
\c@subsection=\count188
\c@subsubsection=\count189
\c@paragraph=\count190
\c@subparagraph=\count191
\c@figure=\count192
\c@table=\count193
\abovecaptionskip=\skip48
\belowcaptionskip=\skip49
\bibindent=\dimen140
) (d:/Program Files (x86)/texlive/2022/texmf-dist/tex/latex/geometry/geometry.sty
Package: geometry 2020/01/02 v5.9 Page Geometry
 (d:/Program Files (x86)/texlive/2022/texmf-dist/tex/latex/graphics/keyval.sty
Package: keyval 2022/05/29 v1.15 key=value parser (DPC)
\KV@toks@=\toks16
) (d:/Program Files (x86)/texlive/2022/texmf-dist/tex/generic/iftex/ifvtex.sty
Package: ifvtex 2019/10/25 v1.7 ifvtex legacy package. Use iftex instead.
 (d:/Program Files (x86)/texlive/2022/texmf-dist/tex/generic/iftex/iftex.sty
Package: iftex 2022/02/03 v1.0f TeX engine tests
))
\Gm@cnth=\count194
\Gm@cntv=\count195
\c@Gm@tempcnt=\count196
\Gm@bindingoffset=\dimen141
\Gm@wd@mp=\dimen142
\Gm@odd@mp=\dimen143
\Gm@even@mp=\dimen144
\Gm@layoutwidth=\dimen145
\Gm@layoutheight=\dimen146
\Gm@layouthoffset=\dimen147
\Gm@layoutvoffset=\dimen148
\Gm@dimlist=\toks17
) (d:/Program Files (x86)/texlive/2022/texmf-dist/tex/latex/graphics/graphicx.sty
Package: graphicx 2021/09/16 v1.2d Enhanced LaTeX Graphics (DPC,SPQR)
 (d:/Program Files (x86)/texlive/2022/texmf-dist/tex/latex/graphics/graphics.sty
Package: graphics 2022/03/10 v1.4e Standard LaTeX Graphics (DPC,SPQR)
 (d:/Program Files (x86)/texlive/2022/texmf-dist/tex/latex/graphics/trig.sty
Package: trig 2021/08/11 v1.11 sin cos tan (DPC)
) (d:/Program Files (x86)/texlive/2022/texmf-dist/tex/latex/graphics-cfg/graphics.cfg
File: graphics.cfg 2016/06/04 v1.11 sample graphics configuration
)
Package graphics Info: Driver file: pdftex.def on input line 107.
 (d:/Program Files (x86)/texlive/2022/texmf-dist/tex/latex/graphics-def/pdftex.def
File: pdftex.def 2022/09/22 v1.2b Graphics/color driver for pdftex
))
\Gin@req@height=\dimen149
\Gin@req@width=\dimen150
) (d:/Program Files (x86)/texlive/2022/texmf-dist/tex/latex/subfiles/subfiles.sty
Package: subfiles 2020/11/14 v2.2 Multi-file projects (package)
) (d:/Program Files (x86)/texlive/2022/texmf-dist/tex/latex/fancyhdr/fancyhdr.sty
Package: fancyhdr 2022/11/09 v4.1 Extensive control of page headers and footers
\f@nch@headwidth=\skip50
\f@nch@O@elh=\skip51
\f@nch@O@erh=\skip52
\f@nch@O@olh=\skip53
\f@nch@O@orh=\skip54
\f@nch@O@elf=\skip55
\f@nch@O@erf=\skip56
\f@nch@O@olf=\skip57
\f@nch@O@orf=\skip58
) (d:/Program Files (x86)/texlive/2022/texmf-dist/tex/latex/emptypage/emptypage.sty
Package: emptypage 2010/05/30 v1.2 Suppress page numbers and headings on empty pages
) (d:/Program Files (x86)/texlive/2022/texmf-dist/tex/latex/tools/tabularx.sty
Package: tabularx 2020/01/15 v2.11c `tabularx' package (DPC)
 (d:/Program Files (x86)/texlive/2022/texmf-dist/tex/latex/tools/array.sty
Package: array 2022/09/04 v2.5g Tabular extension package (FMi)
\col@sep=\dimen151
\ar@mcellbox=\box51
\extrarowheight=\dimen152
\NC@list=\toks18
\extratabsurround=\skip59
\backup@length=\skip60
\ar@cellbox=\box52
)
\TX@col@width=\dimen153
\TX@old@table=\dimen154
\TX@old@col=\dimen155
\TX@target=\dimen156
\TX@delta=\dimen157
\TX@cols=\count197
\TX@ftn=\toks19
) (d:/Program Files (x86)/texlive/2022/texmf-dist/tex/latex/pdflscape/pdflscape.sty
Package: pdflscape 2022-10-27 v0.13 Display of landscape pages in PDF
 (d:/Program Files (x86)/texlive/2022/texmf-dist/tex/latex/pdflscape/pdflscape-nometadata.sty
Package: pdflscape-nometadata 2022-10-28 v0.13 Display of landscape pages in PDF (HO)
 (d:/Program Files (x86)/texlive/2022/texmf-dist/tex/latex/graphics/lscape.sty
Package: lscape 2020/05/28 v3.02 Landscape Pages (DPC)
)
Package pdflscape Info: Auto-detected driver: pdftex on input line 81.
)) (d:/Program Files (x86)/texlive/2022/texmf-dist/tex/latex/natbib/natbib.sty
Package: natbib 2010/09/13 8.31b (PWD, AO)
\bibhang=\skip61
\bibsep=\skip62
LaTeX Info: Redefining \cite on input line 694.
\c@NAT@ctr=\count198
) (d:/Program Files (x86)/texlive/2022/texmf-dist/tex/latex/url/url.sty
\Urlmuskip=\muskip16
Package: url 2013/09/16  ver 3.4  Verb mode for urls, etc.
) (d:/Program Files (x86)/texlive/2022/texmf-dist/tex/latex/tools/longtable.sty
Package: longtable 2021-09-01 v4.17 Multi-page Table package (DPC)
\LTleft=\skip63
\LTright=\skip64
\LTpre=\skip65
\LTpost=\skip66
\LTchunksize=\count199
\LTcapwidth=\dimen158
\LT@head=\box53
\LT@firsthead=\box54
\LT@foot=\box55
\LT@lastfoot=\box56
\LT@gbox=\box57
\LT@cols=\count266
\LT@rows=\count267
\c@LT@tables=\count268
\c@LT@chunks=\count269
\LT@p@ftn=\toks20
) (d:/Program Files (x86)/texlive/2022/texmf-dist/tex/latex/amsmath/amsmath.sty
Package: amsmath 2022/04/08 v2.17n AMS math features
\@mathmargin=\skip67

For additional information on amsmath, use the `?' option.
(d:/Program Files (x86)/texlive/2022/texmf-dist/tex/latex/amsmath/amstext.sty
Package: amstext 2021/08/26 v2.01 AMS text
 (d:/Program Files (x86)/texlive/2022/texmf-dist/tex/latex/amsmath/amsgen.sty
File: amsgen.sty 1999/11/30 v2.0 generic functions
\@emptytoks=\toks21
\ex@=\dimen159
)) (d:/Program Files (x86)/texlive/2022/texmf-dist/tex/latex/amsmath/amsbsy.sty
Package: amsbsy 1999/11/29 v1.2d Bold Symbols
\pmbraise@=\dimen160
) (d:/Program Files (x86)/texlive/2022/texmf-dist/tex/latex/amsmath/amsopn.sty
Package: amsopn 2022/04/08 v2.04 operator names
)
\inf@bad=\count270
LaTeX Info: Redefining \frac on input line 234.
\uproot@=\count271
\leftroot@=\count272
LaTeX Info: Redefining \overline on input line 399.
LaTeX Info: Redefining \colon on input line 410.
\classnum@=\count273
\DOTSCASE@=\count274
LaTeX Info: Redefining \ldots on input line 496.
LaTeX Info: Redefining \dots on input line 499.
LaTeX Info: Redefining \cdots on input line 620.
\Mathstrutbox@=\box58
\strutbox@=\box59
LaTeX Info: Redefining \big on input line 722.
LaTeX Info: Redefining \Big on input line 723.
LaTeX Info: Redefining \bigg on input line 724.
LaTeX Info: Redefining \Bigg on input line 725.
\big@size=\dimen161
LaTeX Font Info:    Redeclaring font encoding OML on input line 743.
LaTeX Font Info:    Redeclaring font encoding OMS on input line 744.
\macc@depth=\count275
LaTeX Info: Redefining \bmod on input line 905.
LaTeX Info: Redefining \pmod on input line 910.
LaTeX Info: Redefining \smash on input line 940.
LaTeX Info: Redefining \relbar on input line 970.
LaTeX Info: Redefining \Relbar on input line 971.
\c@MaxMatrixCols=\count276
\dotsspace@=\muskip17
\c@parentequation=\count277
\dspbrk@lvl=\count278
\tag@help=\toks22
\row@=\count279
\column@=\count280
\maxfields@=\count281
\andhelp@=\toks23
\eqnshift@=\dimen162
\alignsep@=\dimen163
\tagshift@=\dimen164
\tagwidth@=\dimen165
\totwidth@=\dimen166
\lineht@=\dimen167
\@envbody=\toks24
\multlinegap=\skip68
\multlinetaggap=\skip69
\mathdisplay@stack=\toks25
LaTeX Info: Redefining \[ on input line 2953.
LaTeX Info: Redefining \] on input line 2954.
) (d:/Program Files (x86)/texlive/2022/texmf-dist/tex/latex/makecell/makecell.sty
Package: makecell 2009/08/03 V0.1e Managing of Tab Column Heads and Cells
\rotheadsize=\dimen168
\c@nlinenum=\count282
\TeXr@lab=\toks26
) (d:/Program Files (x86)/texlive/2022/texmf-dist/tex/latex/float/float.sty
Package: float 2001/11/08 v1.3d Float enhancements (AL)
\c@float@type=\count283
\float@exts=\toks27
\float@box=\box60
\@float@everytoks=\toks28
\@floatcapt=\box61
) (d:/Program Files (x86)/texlive/2022/texmf-dist/tex/latex/fancyvrb/fancyvrb.sty
Package: fancyvrb 2023/01/19 4.5a verbatim text (tvz,hv)
\FV@CodeLineNo=\count284
\FV@InFile=\read2
\FV@TabBox=\box62
\c@FancyVerbLine=\count285
\FV@StepNumber=\count286
\FV@OutFile=\write3
) (d:/Program Files (x86)/texlive/2022/texmf-dist/tex/latex/parskip/parskip.sty
Package: parskip 2021-03-14 v2.0h non-zero parskip adjustments
 (d:/Program Files (x86)/texlive/2022/texmf-dist/tex/latex/kvoptions/kvoptions.sty
Package: kvoptions 2022-06-15 v3.15 Key value format for package options (HO)
 (d:/Program Files (x86)/texlive/2022/texmf-dist/tex/generic/ltxcmds/ltxcmds.sty
Package: ltxcmds 2020-05-10 v1.25 LaTeX kernel commands for general use (HO)
) (d:/Program Files (x86)/texlive/2022/texmf-dist/tex/latex/kvsetkeys/kvsetkeys.sty
Package: kvsetkeys 2022-10-05 v1.19 Key value parser (HO)
)) (d:/Program Files (x86)/texlive/2022/texmf-dist/tex/latex/etoolbox/etoolbox.sty
Package: etoolbox 2020/10/05 v2.5k e-TeX tools for LaTeX (JAW)
\etb@tempcnta=\count287
)) (d:/Program Files (x86)/texlive/2022/texmf-dist/tex/latex/pgf/utilities/pgffor.sty (d:/Program Files (x86)/texlive/2022/texmf-dist/tex/latex/pgf/utilities/pgfrcs.sty (d:/Program Files (x86)/texlive/2022/texmf-dist/tex/generic/pgf/utilities/pgfutil-common.tex
\pgfutil@everybye=\toks29
\pgfutil@tempdima=\dimen169
\pgfutil@tempdimb=\dimen170
) (d:/Program Files (x86)/texlive/2022/texmf-dist/tex/generic/pgf/utilities/pgfutil-latex.def
\pgfutil@abb=\box63
) (d:/Program Files (x86)/texlive/2022/texmf-dist/tex/generic/pgf/utilities/pgfrcs.code.tex (d:/Program Files (x86)/texlive/2022/texmf-dist/tex/generic/pgf/pgf.revision.tex)
Package: pgfrcs 2023-01-15 v3.1.10 (3.1.10)
)) (d:/Program Files (x86)/texlive/2022/texmf-dist/tex/latex/pgf/utilities/pgfkeys.sty (d:/Program Files (x86)/texlive/2022/texmf-dist/tex/generic/pgf/utilities/pgfkeys.code.tex
\pgfkeys@pathtoks=\toks30
\pgfkeys@temptoks=\toks31
 (d:/Program Files (x86)/texlive/2022/texmf-dist/tex/generic/pgf/utilities/pgfkeyslibraryfiltered.code.tex
\pgfkeys@tmptoks=\toks32
))) (d:/Program Files (x86)/texlive/2022/texmf-dist/tex/latex/pgf/math/pgfmath.sty (d:/Program Files (x86)/texlive/2022/texmf-dist/tex/generic/pgf/math/pgfmath.code.tex (d:/Program Files (x86)/texlive/2022/texmf-dist/tex/generic/pgf/math/pgfmathutil.code.tex
\pgf@x=\dimen171
\pgf@xa=\dimen172
\pgf@xb=\dimen173
\pgf@xc=\dimen174
\pgf@y=\dimen175
\pgf@ya=\dimen176
\pgf@yb=\dimen177
\pgf@yc=\dimen178
\c@pgf@counta=\count288
\c@pgf@countb=\count289
\c@pgf@countc=\count290
\c@pgf@countd=\count291
) (d:/Program Files (x86)/texlive/2022/texmf-dist/tex/generic/pgf/math/pgfmathparser.code.tex
\pgfmath@dimen=\dimen179
\pgfmath@count=\count292
\pgfmath@box=\box64
\pgfmath@toks=\toks33
\pgfmath@stack@operand=\toks34
\pgfmath@stack@operation=\toks35
) (d:/Program Files (x86)/texlive/2022/texmf-dist/tex/generic/pgf/math/pgfmathfunctions.code.tex) (d:/Program Files (x86)/texlive/2022/texmf-dist/tex/generic/pgf/math/pgfmathfunctions.basic.code.tex) (d:/Program Files (x86)/texlive/2022/texmf-dist/tex/generic/pgf/math/pgfmathfunctions.trigonometric.code.tex) (d:/Program Files (x86)/texlive/2022/texmf-dist/tex/generic/pgf/math/pgfmathfunctions.random.code.tex) (d:/Program Files (x86)/texlive/2022/texmf-dist/tex/generic/pgf/math/pgfmathfunctions.comparison.code.tex) (d:/Program Files (x86)/texlive/2022/texmf-dist/tex/generic/pgf/math/pgfmathfunctions.base.code.tex) (d:/Program Files (x86)/texlive/2022/texmf-dist/tex/generic/pgf/math/pgfmathfunctions.round.code.tex) (d:/Program Files (x86)/texlive/2022/texmf-dist/tex/generic/pgf/math/pgfmathfunctions.misc.code.tex) (d:/Program Files (x86)/texlive/2022/texmf-dist/tex/generic/pgf/math/pgfmathfunctions.integerarithmetics.code.tex) (d:/Program Files (x86)/texlive/2022/texmf-dist/tex/generic/pgf/math/pgfmathcalc.code.tex) (d:/Program Files (x86)/texlive/2022/texmf-dist/tex/generic/pgf/math/pgfmathfloat.code.tex
\c@pgfmathroundto@lastzeros=\count293
))) (d:/Program Files (x86)/texlive/2022/texmf-dist/tex/generic/pgf/utilities/pgffor.code.tex
Package: pgffor 2023-01-15 v3.1.10 (3.1.10)
\pgffor@iter=\dimen180
\pgffor@skip=\dimen181
\pgffor@stack=\toks36
\pgffor@toks=\toks37
)) (d:/Program Files (x86)/texlive/2022/texmf-dist/tex/latex/base/ifthen.sty
Package: ifthen 2022/04/13 v1.1d Standard LaTeX ifthen package (DPC)
))) (d:/Program Files (x86)/texlive/2022/texmf-dist/tex/latex/l3backend/l3backend-pdftex.def
File: l3backend-pdftex.def 2023-01-16 L3 backend support: PDF output (pdfTeX)
\l__color_backend_stack_int=\count294
\l__pdf_internal_box=\box65
) (./chapter01.aux)
\openout1 = `chapter01.aux'.

LaTeX Font Info:    Checking defaults for OML/cmm/m/it on input line 3.
LaTeX Font Info:    ... okay on input line 3.
LaTeX Font Info:    Checking defaults for OMS/cmsy/m/n on input line 3.
LaTeX Font Info:    ... okay on input line 3.
LaTeX Font Info:    Checking defaults for OT1/cmr/m/n on input line 3.
LaTeX Font Info:    ... okay on input line 3.
LaTeX Font Info:    Checking defaults for T1/cmr/m/n on input line 3.
LaTeX Font Info:    ... okay on input line 3.
LaTeX Font Info:    Checking defaults for TS1/cmr/m/n on input line 3.
LaTeX Font Info:    ... okay on input line 3.
LaTeX Font Info:    Checking defaults for OMX/cmex/m/n on input line 3.
LaTeX Font Info:    ... okay on input line 3.
LaTeX Font Info:    Checking defaults for U/cmr/m/n on input line 3.
LaTeX Font Info:    ... okay on input line 3.

*geometry* driver: auto-detecting
*geometry* detected driver: pdftex
*geometry* verbose mode - [ preamble ] result:
* driver: pdftex
* paper: a4paper
* layout: <same size as paper>
* layoutoffset:(h,v)=(0.0pt,0.0pt)
* modes: 
* h-part:(L,W,R)=(99.58464pt, 441.01773pt, 56.9055pt)
* v-part:(T,H,B)=(85.35826pt, 674.33032pt, 85.35826pt)
* \paperwidth=597.50787pt
* \paperheight=845.04684pt
* \textwidth=441.01773pt
* \textheight=674.33032pt
* \oddsidemargin=27.31465pt
* \evensidemargin=27.31465pt
* \topmargin=-131.91173pt
* \headheight=120.0pt
* \headsep=25.0pt
* \topskip=12.0pt
* \footskip=30.0pt
* \marginparwidth=35.0pt
* \marginparsep=10.0pt
* \columnsep=10.0pt
* \skip\footins=10.8pt plus 4.0pt minus 2.0pt
* \hoffset=0.0pt
* \voffset=0.0pt
* \mag=1000
* \@twocolumnfalse
* \@twosidefalse
* \@mparswitchfalse
* \@reversemarginfalse
* (1in=72.27pt=25.4mm, 1cm=28.453pt)

(d:/Program Files (x86)/texlive/2022/texmf-dist/tex/context/base/mkii/supp-pdf.mkii
[Loading MPS to PDF converter (version 2006.09.02).]
\scratchcounter=\count295
\scratchdimen=\dimen182
\scratchbox=\box66
\nofMPsegments=\count296
\nofMParguments=\count297
\everyMPshowfont=\toks38
\MPscratchCnt=\count298
\MPscratchDim=\dimen183
\MPnumerator=\count299
\makeMPintoPDFobject=\count300
\everyMPtoPDFconversion=\toks39
) (d:/Program Files (x86)/texlive/2022/texmf-dist/tex/latex/epstopdf-pkg/epstopdf-base.sty
Package: epstopdf-base 2020-01-24 v2.11 Base part for package epstopdf
Package epstopdf-base Info: Redefining graphics rule for `.eps' on input line 485.
 (d:/Program Files (x86)/texlive/2022/texmf-dist/tex/latex/latexconfig/epstopdf-sys.cfg
File: epstopdf-sys.cfg 2010/07/13 v1.3 Configuration of (r)epstopdf for TeX Live
)) [1{d:/Program Files (x86)/texlive/2022/texmf-var/fonts/map/pdftex/updmap/pdftex.map}

]
<..//images/UCD_General.png, id=10, 679.338pt x 476.37975pt>
File: ..//images/UCD_General.png Graphic file (type png)
<use ..//images/UCD_General.png>
Package pdftex.def Info: ..//images/UCD_General.png  used on input line 54.
(pdftex.def)             Requested size: 441.01773pt x 309.26517pt.
 [2 <..//images/UCD_General.png>]
<..//images/UCD_Login.png, id=16, 317.988pt x 180.675pt>
File: ..//images/UCD_Login.png Graphic file (type png)
<use ..//images/UCD_Login.png>
Package pdftex.def Info: ..//images/UCD_Login.png  used on input line 91.
(pdftex.def)             Requested size: 330.76329pt x 187.94441pt.
 [3]
<..//images/UCD_Signup.png, id=20, 293.898pt x 124.66576pt>
File: ..//images/UCD_Signup.png Graphic file (type png)
<use ..//images/UCD_Signup.png>
Package pdftex.def Info: ..//images/UCD_Signup.png  used on input line 135.
(pdftex.def)             Requested size: 330.76329pt x 140.31328pt.
 [4 <..//images/UCD_Login.png>]
<..//images/UCD_Logout.png, id=25, 305.34074pt x 160.80075pt>
File: ..//images/UCD_Logout.png Graphic file (type png)
<use ..//images/UCD_Logout.png>
Package pdftex.def Info: ..//images/UCD_Logout.png  used on input line 179.
(pdftex.def)             Requested size: 330.76329pt x 174.20445pt.
 [5 <..//images/UCD_Signup.png>]
<..//images/UCD_ManageStock.png, id=30, 416.757pt x 146.34676pt>
File: ..//images/UCD_ManageStock.png Graphic file (type png)
<use ..//images/UCD_ManageStock.png>
Package pdftex.def Info: ..//images/UCD_ManageStock.png  used on input line 221.
(pdftex.def)             Requested size: 330.76329pt x 116.15083pt.
 [6 <..//images/UCD_Logout.png>]
<..//images/UCD_ManageProducts.png, id=35, 402.303pt x 150.5625pt>
File: ..//images/UCD_ManageProducts.png Graphic file (type png)
<use ..//images/UCD_ManageProducts.png>
Package pdftex.def Info: ..//images/UCD_ManageProducts.png  used on input line 262.
(pdftex.def)             Requested size: 330.76329pt x 123.79286pt.
 [7 <..//images/UCD_ManageStock.png> <..//images/UCD_ManageProducts.png>]
<..//images/UCD_ManageCategories.png, id=42, 378.213pt x 162.6075pt>
File: ..//images/UCD_ManageCategories.png Graphic file (type png)
<use ..//images/UCD_ManageCategories.png>
Package pdftex.def Info: ..//images/UCD_ManageCategories.png  used on input line 303.
(pdftex.def)             Requested size: 352.81552pt x 151.69731pt.
 [8 <..//images/UCD_ManageCategories.png>]
<..//images/UCD_CreateInvoice.png, id=47, 582.978pt x 221.02576pt>
File: ..//images/UCD_CreateInvoice.png Graphic file (type png)
<use ..//images/UCD_CreateInvoice.png>
Package pdftex.def Info: ..//images/UCD_CreateInvoice.png  used on input line 344.
(pdftex.def)             Requested size: 441.01773pt x 167.20561pt.
 [9 <..//images/UCD_CreateInvoice.png>]
<..//images/UCD_ManageInvoices.png, id=52, 395.67825pt x 162.6075pt>
File: ..//images/UCD_ManageInvoices.png Graphic file (type png)
<use ..//images/UCD_ManageInvoices.png>
Package pdftex.def Info: ..//images/UCD_ManageInvoices.png  used on input line 391.
(pdftex.def)             Requested size: 352.81552pt x 144.99811pt.
 [10 <..//images/UCD_ManageInvoices.png>]
<..//images/UCD_ManageRevenue.png, id=57, 392.667pt x 159.59625pt>
File: ..//images/UCD_ManageRevenue.png Graphic file (type png)
<use ..//images/UCD_ManageRevenue.png>
Package pdftex.def Info: ..//images/UCD_ManageRevenue.png  used on input line 430.
(pdftex.def)             Requested size: 352.81552pt x 143.40149pt.
 [11 <..//images/UCD_ManageRevenue.png>]
<..//images/UCD_PrintInvoice.png, id=62, 420.3705pt x 198.7425pt>
File: ..//images/UCD_PrintInvoice.png Graphic file (type png)
<use ..//images/UCD_PrintInvoice.png>
Package pdftex.def Info: ..//images/UCD_PrintInvoice.png  used on input line 469.
(pdftex.def)             Requested size: 330.76329pt x 156.3862pt.
 [12 <..//images/UCD_PrintInvoice.png>]
<..//images/UCD_ManageSuppliers.png, id=67, 492.03825pt x 204.765pt>
File: ..//images/UCD_ManageSuppliers.png Graphic file (type png)
<use ..//images/UCD_ManageSuppliers.png>
Package pdftex.def Info: ..//images/UCD_ManageSuppliers.png  used on input line 509.
(pdftex.def)             Requested size: 330.76329pt x 137.648pt.
 [13 <..//images/UCD_ManageSuppliers.png>]
<..//images/UCD_ManageCustomers.png, id=73, 469.755pt x 181.27725pt>
File: ..//images/UCD_ManageCustomers.png Graphic file (type png)
<use ..//images/UCD_ManageCustomers.png>
Package pdftex.def Info: ..//images/UCD_ManageCustomers.png  used on input line 548.
(pdftex.def)             Requested size: 330.76329pt x 127.64005pt.
 [14 <..//images/UCD_ManageCustomers.png>]
<..//images/UCD_ManageStoreInfo.png, id=78, 455.90324pt x 144.54pt>
File: ..//images/UCD_ManageStoreInfo.png Graphic file (type png)
<use ..//images/UCD_ManageStoreInfo.png>
Package pdftex.def Info: ..//images/UCD_ManageStoreInfo.png  used on input line 587.
(pdftex.def)             Requested size: 330.76329pt x 104.8715pt.
 [15 <..//images/UCD_ManageStoreInfo.png>] [16] (./chapter01.aux) ) 
Here is how much of TeX's memory you used:
 10477 strings out of 477436
 197275 string characters out of 5824994
 1866340 words of memory out of 5000000
 30655 multiletter control sequences out of 15000+600000
 517552 words of font info for 50 fonts, out of 8000000 for 9000
 286 hyphenation exceptions out of 8191
 86i,12n,81p,620b,370s stack positions out of 10000i,1000n,20000p,200000b,200000s
{d:/Program Files (x86)/texlive/2022/texmf-dist/fonts/enc/dvips/cm-super/cm-super-ts1.enc}<d:/Program Files (x86)/texlive/2022/texmf-dist/fonts/type1/public/amsfonts/cm/cmbx12.pfb><d:/Program Files (x86)/texlive/2022/texmf-dist/fonts/type1/public/amsfonts/cm/cmr10.pfb><d:/Program Files (x86)/texlive/2022/texmf-dist/fonts/type1/public/amsfonts/cm/cmr12.pfb><d:/Program Files (x86)/texlive/2022/texmf-dist/fonts/type1/public/cm-super/sfrm1200.pfb>
Output written on chapter01.pdf (16 pages, 469264 bytes).
PDF statistics:
 106 PDF objects out of 1000 (max. 8388607)
 51 compressed objects within 1 object stream
 0 named destinations out of 1000 (max. 500000)
 71 words of extra memory for PDF output out of 10000 (max. 10000000)

